#
# There is insufficient memory for the Java Runtime Environment to continue.
# Native memory allocation (malloc) failed to allocate 201056 bytes for Chunk::new
# Possible reasons:
#   The system is out of physical RAM or swap space
#   In 32 bit mode, the process size limit was hit
# Possible solutions:
#   Reduce memory load on the system
#   Increase physical memory or swap space
#   Check if swap backing store is full
#   Use 64 bit Java on a 64 bit OS
#   Decrease Java heap size (-Xmx/-Xms)
#   Decrease number of Java threads
#   Decrease Java thread stack sizes (-Xss)
#   Set larger code cache with -XX:ReservedCodeCacheSize=
# This output file may be truncated or incomplete.
#
#  Out of Memory Error (allocation.cpp:390), pid=49312, tid=0x000000000000b964
#
# JRE version: Java(TM) SE Runtime Environment (8.0_92-b14) (build 1.8.0_92-b14)
# Java VM: Java HotSpot(TM) 64-Bit Server VM (25.92-b14 mixed mode windows-amd64 compressed oops)
# Failed to write core dump. Minidumps are not enabled by default on client versions of Windows
#

---------------  T H R E A D  ---------------

Current thread (0x0000000017efa000):  JavaThread "C2 CompilerThread2" daemon [_thread_in_native, id=47460, stack(0x00000000187d0000,0x00000000188d0000)]

Stack: [0x00000000187d0000,0x00000000188d0000]
[error occurred during error reporting (printing stack bounds), id 0xc0000005]

Native frames: (J=compiled Java code, j=interpreted, Vv=VM code, C=native code)


Current CompileTask:
C2:    751  696       4       com.android.dx.ssa.SsaBasicBlock::forEachInsn (37 bytes)


---------------  P R O C E S S  ---------------

Java Threads: ( => current thread )
  0x0000000018099000 JavaThread "pool-1-thread-4" [_thread_in_vm, id=50100, stack(0x0000000018fd0000,0x00000000190d0000)]
  0x0000000018096000 JavaThread "pool-1-thread-3" [_thread_in_Java, id=49928, stack(0x0000000018ed0000,0x0000000018fd0000)]
  0x0000000018083000 JavaThread "pool-1-thread-2" [_thread_in_Java, id=49448, stack(0x0000000018dd0000,0x0000000018ed0000)]
  0x000000001807c800 JavaThread "pool-2-thread-1" [_thread_blocked, id=49436, stack(0x0000000018cd0000,0x0000000018dd0000)]
  0x000000001804c800 JavaThread "pool-1-thread-1" [_thread_in_vm, id=48468, stack(0x0000000018bd0000,0x0000000018cd0000)]
  0x0000000017f90000 JavaThread "Service Thread" daemon [_thread_blocked, id=49708, stack(0x00000000189d0000,0x0000000018ad0000)]
  0x0000000017f05800 JavaThread "C1 CompilerThread3" daemon [_thread_blocked, id=35416, stack(0x00000000188d0000,0x00000000189d0000)]
=>0x0000000017efa000 JavaThread "C2 CompilerThread2" daemon [_thread_in_native, id=47460, stack(0x00000000187d0000,0x00000000188d0000)]
  0x0000000015fbe000 JavaThread "C2 CompilerThread1" daemon [_thread_in_native, id=30256, stack(0x00000000186d0000,0x00000000187d0000)]
  0x0000000015fbb000 JavaThread "C2 CompilerThread0" daemon [_thread_in_native, id=43080, stack(0x00000000185d0000,0x00000000186d0000)]
  0x0000000017eab800 JavaThread "Attach Listener" daemon [_thread_blocked, id=50060, stack(0x00000000184d0000,0x00000000185d0000)]
  0x0000000017eab000 JavaThread "Signal Dispatcher" daemon [_thread_blocked, id=50136, stack(0x00000000183d0000,0x00000000184d0000)]
  0x0000000015fad000 JavaThread "Finalizer" daemon [_thread_blocked, id=49752, stack(0x0000000018270000,0x0000000018370000)]
  0x0000000003485000 JavaThread "Reference Handler" daemon [_thread_blocked, id=49868, stack(0x0000000017d70000,0x0000000017e70000)]
  0x0000000003390800 JavaThread "main" [_thread_in_Java, id=49412, stack(0x0000000003290000,0x0000000003390000)]

Other Threads:
  0x0000000015fa9000 VMThread [stack: 0x0000000017c70000,0x0000000017d70000] [id=49380]
  0x0000000017ff0000 WatcherThread [stack: 0x0000000018ad0000,0x0000000018bd0000] [id=49920]

VM state:not at safepoint (normal execution)

VM Mutex/Monitor currently owned by a thread: None

Heap:
 PSYoungGen      total 38400K, used 16666K [0x00000000eab00000, 0x00000000ed580000, 0x0000000100000000)
  eden space 33280K, 50% used [0x00000000eab00000,0x00000000ebb46948,0x00000000ecb80000)
  from space 5120K, 0% used [0x00000000ed080000,0x00000000ed080000,0x00000000ed580000)
  to   space 5120K, 0% used [0x00000000ecb80000,0x00000000ecb80000,0x00000000ed080000)
 ParOldGen       total 87552K, used 0K [0x00000000c0000000, 0x00000000c5580000, 0x00000000eab00000)
  object space 87552K, 0% used [0x00000000c0000000,0x00000000c0000000,0x00000000c5580000)
 Metaspace       used 5689K, capacity 6768K, committed 7040K, reserved 1056768K
  class space    used 591K, capacity 616K, committed 640K, reserved 1048576K

Card table byte_map: [0x0000000012850000,0x0000000012a60000] byte_map_base: 0x0000000012250000

Marking Bits: (ParMarkBitMap*) 0x00000000659764f0
 Begin Bits: [0x00000000133c0000, 0x00000000143c0000)
 End Bits:   [0x00000000143c0000, 0x00000000153c0000)

Polling page: 0x0000000001760000

CodeCache: size=245760Kb used=2670Kb max_used=2687Kb free=243089Kb
 bounds [0x0000000003490000, 0x0000000003750000, 0x0000000012490000]
 total_blobs=933 nmethods=668 adapters=178
 compilation: disabled (not enough contiguous free space left)

Compilation events (10 events):
Event: 0.726 Thread 0x0000000017efa000  696       4       com.android.dx.ssa.SsaBasicBlock::forEachInsn (37 bytes)
Event: 0.732 Thread 0x0000000015fbe000 nmethod 529 0x000000000372ed10 code [0x000000000372f0a0, 0x00000000037310b0]
Event: 0.732 Thread 0x0000000015fbe000  700       4       com.android.dx.rop.code.Insn::<init> (69 bytes)
Event: 0.733 Thread 0x0000000015fbe000 nmethod 700 0x0000000003719890 code [0x00000000037199c0, 0x0000000003719ab8]
Event: 0.734 Thread 0x0000000015fbe000  704       4       java.util.ArrayList::<init> (12 bytes)
Event: 0.735 Thread 0x0000000015fbe000 nmethod 704 0x0000000003723bd0 code [0x0000000003723d00, 0x0000000003723d78]
Event: 0.737 Thread 0x0000000015fbe000  705   !   4       com.android.dx.rop.code.RegisterSpecSet::put (104 bytes)
Event: 0.742 Thread 0x0000000015fbe000 nmethod 705 0x0000000003719150 code [0x00000000037192c0, 0x0000000003719558]
Event: 0.742 Thread 0x0000000015fbe000  708       4       com.android.dx.rop.code.RegisterSpecSet::mutableCopy (57 bytes)
Event: 0.748 Thread 0x0000000017f05800 


GC Heap History (0 events):
No events

Deoptimization events (1 events):
Event: 0.586 Thread 0x0000000018083000 Uncommon trap: reason=unstable_if action=reinterpret pc=0x000000000367dd5c method=java.util.HashMap.getNode(ILjava/lang/Object;)Ljava/util/HashMap$Node; @ 129

Internal exceptions (2 events):
Event: 0.060 Thread 0x0000000003390800 Exception <a 'java/lang/NoSuchMethodError': Method sun.misc.Unsafe.defineClass(Ljava/lang/String;[BII)Ljava/lang/Class; name or signature does not match> (0x00000000eab07cc0) thrown at [D:\re\workspace\8-2-build-windows-amd64-cygwin\jdk8u92\6642\hotspot\sr…πﬂ%„Æ?
Event: 0.060 Thread 0x0000000003390800 Exception <a 'java/lang/NoSuchMethodError': Method sun.misc.Unsafe.prefetchRead(Ljava/lang/Object;J)V name or signature does not match> (0x00000000eab07fa8) thrown at [D:\re\workspace\8-2-build-windows-amd64-cygwin\jdk8u92\6642\hotspot\src\share\vm\prims\j

Events (10 events):
Event: 0.700 loading class java/util/TreeMap$EntrySet
Event: 0.701 loading class java/util/TreeMap$EntrySet done
Event: 0.701 loading class java/util/TreeMap$EntryIterator
Event: 0.701 loading class java/util/TreeMap$EntryIterator done
Event: 0.735 loading class com/android/dx/dex/file/ParameterAnnotationStruct
Event: 0.735 loading class com/android/dx/dex/file/ParameterAnnotationStruct done
Event: 0.736 loading class com/android/dx/dex/file/UniformListItem
Event: 0.736 loading class com/android/dx/dex/file/UniformListItem done
Event: 0.736 loading class com/android/dx/dex/file/AnnotationSetRefItem
Event: 0.736 loading class com/android/dx/dex/file/AnnotationSetRefItem done


Dynamic libraries:
0x00007ff706180000 - 0x00007ff7061b7000 	G:\Java\jdk1.8.0_92\bin\java.exe
0x00007ffe2efe0000 - 0x00007ffe2f1b1000 	C:\WINDOWS\SYSTEM32\ntdll.dll
0x00007ffe2e7c0000 - 0x00007ffe2e86b000 	C:\WINDOWS\System32\KERNEL32.DLL
0x00007ffe2ba80000 - 0x00007ffe2bc9d000 	C:\WINDOWS\System32\KERNELBASE.dll
0x00007ffe2ead0000 - 0x00007ffe2eb72000 	C:\WINDOWS\System32\ADVAPI32.dll
0x00007ffe2e440000 - 0x00007ffe2e4de000 	C:\WINDOWS\System32\msvcrt.dll
0x00007ffe2ed90000 - 0x00007ffe2ede9000 	C:\WINDOWS\System32\sechost.dll
0x00007ffe2eeb0000 - 0x00007ffe2efd1000 	C:\WINDOWS\System32\RPCRT4.dll
0x00007ffe2e960000 - 0x00007ffe2eac5000 	C:\WINDOWS\System32\USER32.dll
0x00007ffe2b660000 - 0x00007ffe2b67e000 	C:\WINDOWS\System32\win32u.dll
0x00007ffe2cbb0000 - 0x00007ffe2cbe4000 	C:\WINDOWS\System32\GDI32.dll
0x00007ffe2b4d0000 - 0x00007ffe2b652000 	C:\WINDOWS\System32\gdi32full.dll
0x00007ffe1d5a0000 - 0x00007ffe1d819000 	C:\WINDOWS\WinSxS\amd64_microsoft.windows.common-controls_6595b64144ccf1df_6.0.14393.0_none_2d0f50fcbdb171b8\COMCTL32.dll
0x00007ffe2e4f0000 - 0x00007ffe2e7b7000 	C:\WINDOWS\System32\combase.dll
0x00007ffe2bca0000 - 0x00007ffe2bd95000 	C:\WINDOWS\System32\ucrtbase.dll
0x00007ffe2b730000 - 0x00007ffe2b79a000 	C:\WINDOWS\System32\bcryptPrimitives.dll
0x00007ffe2e100000 - 0x00007ffe2e12e000 	C:\WINDOWS\System32\IMM32.DLL
0x00000000646e0000 - 0x00000000647b2000 	G:\Java\jdk1.8.0_92\jre\bin\msvcr100.dll
0x0000000065160000 - 0x00000000659f6000 	G:\Java\jdk1.8.0_92\jre\bin\server\jvm.dll
0x00007ffe2e290000 - 0x00007ffe2e298000 	C:\WINDOWS\System32\PSAPI.DLL
0x00007ffe25c00000 - 0x00007ffe25c09000 	C:\WINDOWS\SYSTEM32\WSOCK32.dll
0x00007ffe2cb40000 - 0x00007ffe2cbaa000 	C:\WINDOWS\System32\WS2_32.dll
0x00007ffe29390000 - 0x00007ffe293b3000 	C:\WINDOWS\SYSTEM32\WINMM.dll
0x00007ffe28200000 - 0x00007ffe2820a000 	C:\WINDOWS\SYSTEM32\VERSION.dll
0x00007ffe29330000 - 0x00007ffe2935b000 	C:\WINDOWS\SYSTEM32\WINMMBASE.dll
0x00007ffe2bda0000 - 0x00007ffe2bde2000 	C:\WINDOWS\System32\cfgmgr32.dll
0x0000000065070000 - 0x000000006507f000 	G:\Java\jdk1.8.0_92\jre\bin\verify.dll
0x0000000065040000 - 0x0000000065069000 	G:\Java\jdk1.8.0_92\jre\bin\java.dll
0x0000000065020000 - 0x0000000065036000 	G:\Java\jdk1.8.0_92\jre\bin\zip.dll
0x00007ffe2cbf0000 - 0x00007ffe2e0f8000 	C:\WINDOWS\System32\SHELL32.dll
0x00007ffe2bdf0000 - 0x00007ffe2c4ca000 	C:\WINDOWS\System32\windows.storage.dll
0x00007ffe2b440000 - 0x00007ffe2b48c000 	C:\WINDOWS\System32\powrprof.dll
0x00007ffe2cae0000 - 0x00007ffe2cb32000 	C:\WINDOWS\System32\shlwapi.dll
0x00007ffe2b490000 - 0x00007ffe2b49f000 	C:\WINDOWS\System32\kernel.appcore.dll
0x00007ffe2b680000 - 0x00007ffe2b729000 	C:\WINDOWS\System32\shcore.dll
0x00007ffe2b4b0000 - 0x00007ffe2b4c4000 	C:\WINDOWS\System32\profapi.dll

VM Arguments:
jvm_args: -Djava.awt.headless=true -Xmx1024M -Dfile.encoding=GBK -Duser.country=CN -Duser.language=zh -Duser.variant 
java_command: com.android.dx.command.Main --dex --num-threads=4 --output E:\Developer\Android\Graduation Project\AndroidStudioDemo\FullNews\app\build\intermediates\pre-dexed\debug\com.android.support-support-vector-drawable-24.2.1_86d4a98350091ce0c64453b9c76bcd095ec30afb.jar E:\Developer\Android\Graduation Project\AndroidStudioDemo\FullNews\app\build\intermediates\exploded-aar\com.android.support\support-vector-drawable\24.2.1\jars\classes.jar
java_class_path (initial): F:\AndroidStudioSDK\build-tools\23.0.3\lib\dx.jar
Launcher Type: SUN_STANDARD

Environment Variables:
JAVA_HOME=G:\Java\jdk1.8.0_92
CLASSPATH=.;G:\Java\jdk1.8.0_92\lib\dt.jar;G:\Java\jdk1.8.0_92\lib\tools.jar;
PATH=C:\ProgramData\Oracle\Java\javapath;C:\WINDOWS\system32;C:\WINDOWS;C:\WINDOWS\System32\Wbem;C:\WINDOWS\System32\WindowsPowerShell\v1.0\;C:\Program Files (x86)\ATI Technologies\ATI.ACE\Core-Static;G:\Java\jdk1.8.0_92\bin;G:\Java\jdk1.8.0_92\jre\bin;F:\AndroidEclipseSDK\adt-bundle-windows-x86_64-20140702\sdk\tools;F:\AndroidEclipseSDK\adt-bundle-windows-x86_64-20140702\sdk\platform-tools;G:\Apache_Tomcat_6_0_14\lib;G:\Apache_Tomcat_6_0_14\bin;G:\MySQL\MySQL Server 5.1\bin;C:\Program Files (x86)\Microsoft SQL Server\90\Tools\binn\;F:\AndroidStudioSDK\platform-tools;F:\AndroidStudioSDK\tools;C:\Users\Administrator\AppData\Local\Microsoft\WindowsApps;
USERNAME=Administrator
OS=Windows_NT
PROCESSOR_IDENTIFIER=Intel64 Family 6 Model 44 Stepping 2, GenuineIntel



---------------  S Y S T E M  ---------------

OS: Windows 10.0 , 64 bit Build 14393 (10.0.14393.0)

CPU:total 8 (4 cores per cpu, 2 threads per core) family 6 model 44 stepping 2, cmov, cx8, fxsr, mmx, sse, sse2, sse3, ssse3, sse4.1, sse4.2, popcnt, aes, clmul, ht, tsc, tscinvbit, tscinv

Memory: 4k page, physical 8379636k(1912880k free), swap 8379636k(5152k free)

vm_info: Java HotSpot(TM) 64-Bit Server VM (25.92-b14) for windows-amd64 JRE (1.8.0_92-b14), built on Mar 31 2016 21:03:04 by "java_re" with MS VC++ 10.0 (VS2010)

time: Mon Oct 17 16:04:29 2016
elapsed time: 0 seconds (0d 0h 0m 0s)

