#
# There is insufficient memory for the Java Runtime Environment to continue.
# Native memory allocation (malloc) failed to allocate 984496 bytes for Chunk::new
# Possible reasons:
#   The system is out of physical RAM or swap space
#   In 32 bit mode, the process size limit was hit
# Possible solutions:
#   Reduce memory load on the system
#   Increase physical memory or swap space
#   Check if swap backing store is full
#   Use 64 bit Java on a 64 bit OS
#   Decrease Java heap size (-Xmx/-Xms)
#   Decrease number of Java threads
#   Decrease Java thread stack sizes (-Xss)
#   Set larger code cache with -XX:ReservedCodeCacheSize=
# This output file may be truncated or incomplete.
#
#  Out of Memory Error (allocation.cpp:390), pid=46404, tid=0x000000000000c1bc
#
# JRE version: Java(TM) SE Runtime Environment (8.0_92-b14) (build 1.8.0_92-b14)
# Java VM: Java HotSpot(TM) 64-Bit Server VM (25.92-b14 mixed mode windows-amd64 compressed oops)
# Failed to write core dump. Minidumps are not enabled by default on client versions of Windows
#

---------------  T H R E A D  ---------------

Current thread (0x00000000174f8800):  JavaThread "C2 CompilerThread2" daemon [_thread_in_native, id=49596, stack(0x0000000017dd0000,0x0000000017ed0000)]

Stack: [0x0000000017dd0000,0x0000000017ed0000]
[error occurred during error reporting (printing stack bounds), id 0xc0000005]

Native frames: (J=compiled Java code, j=interpreted, Vv=VM code, C=native code)


Current CompileTask:
C2:   2695 1386   !   4       com.android.dx.cf.code.RopperMachine::run (1550 bytes)


---------------  P R O C E S S  ---------------

Java Threads: ( => current thread )
  0x00000000181d3000 JavaThread "pool-1-thread-4" [_thread_blocked, id=49436, stack(0x0000000018dd0000,0x0000000018ed0000)]
  0x000000001785e000 JavaThread "pool-1-thread-3" [_thread_in_Java, id=49920, stack(0x0000000018cd0000,0x0000000018dd0000)]
  0x0000000017854000 JavaThread "pool-1-thread-2" [_thread_in_Java, id=49708, stack(0x0000000018bd0000,0x0000000018cd0000)]
  0x00000000177d7000 JavaThread "pool-2-thread-1" [_thread_blocked, id=50060, stack(0x0000000018ad0000,0x0000000018bd0000)]
  0x0000000017752000 JavaThread "pool-1-thread-1" [_thread_in_vm, id=50136, stack(0x00000000189d0000,0x0000000018ad0000)]
  0x000000001756d000 JavaThread "Service Thread" daemon [_thread_blocked, id=49184, stack(0x0000000017fd0000,0x00000000180d0000)]
  0x00000000174fe800 JavaThread "C1 CompilerThread3" daemon [_thread_in_vm, id=49200, stack(0x0000000017ed0000,0x0000000017fd0000)]
=>0x00000000174f8800 JavaThread "C2 CompilerThread2" daemon [_thread_in_native, id=49596, stack(0x0000000017dd0000,0x0000000017ed0000)]
  0x00000000174f6800 JavaThread "C2 CompilerThread1" daemon [_thread_in_native, id=50020, stack(0x0000000017cd0000,0x0000000017dd0000)]
  0x00000000174f3800 JavaThread "C2 CompilerThread0" daemon [_thread_in_native, id=49472, stack(0x0000000017bd0000,0x0000000017cd0000)]
  0x00000000174f2000 JavaThread "Attach Listener" daemon [_thread_blocked, id=49220, stack(0x0000000017ad0000,0x0000000017bd0000)]
  0x00000000174f1000 JavaThread "Signal Dispatcher" daemon [_thread_blocked, id=50056, stack(0x00000000179d0000,0x0000000017ad0000)]
  0x000000001559d000 JavaThread "Finalizer" daemon [_thread_blocked, id=49476, stack(0x0000000017870000,0x0000000017970000)]
  0x0000000002a75000 JavaThread "Reference Handler" daemon [_thread_blocked, id=48484, stack(0x0000000017370000,0x0000000017470000)]
  0x0000000002980800 JavaThread "main" [_thread_in_native, id=49972, stack(0x0000000002880000,0x0000000002980000)]

Other Threads:
  0x0000000015599000 VMThread [stack: 0x0000000017270000,0x0000000017370000] [id=36316]
  0x00000000175aa800 WatcherThread [stack: 0x00000000180d0000,0x00000000181d0000] [id=50072]

VM state:not at safepoint (normal execution)

VM Mutex/Monitor currently owned by a thread: None

Heap:
 PSYoungGen      total 71680K, used 9979K [0x00000000eab00000, 0x00000000ef600000, 0x0000000100000000)
  eden space 66560K, 7% used [0x00000000eab00000,0x00000000eafc4bd0,0x00000000eec00000)
  from space 5120K, 99% used [0x00000000ef100000,0x00000000ef5fa3f0,0x00000000ef600000)
  to   space 5120K, 0% used [0x00000000eec00000,0x00000000eec00000,0x00000000ef100000)
 ParOldGen       total 87552K, used 6493K [0x00000000c0000000, 0x00000000c5580000, 0x00000000eab00000)
  object space 87552K, 7% used [0x00000000c0000000,0x00000000c0657430,0x00000000c5580000)
 Metaspace       used 6108K, capacity 7088K, committed 7296K, reserved 1056768K
  class space    used 592K, capacity 616K, committed 640K, reserved 1048576K

Card table byte_map: [0x0000000011e40000,0x0000000012050000] byte_map_base: 0x0000000011840000

Marking Bits: (ParMarkBitMap*) 0x00000000659764f0
 Begin Bits: [0x00000000129b0000, 0x00000000139b0000)
 End Bits:   [0x00000000139b0000, 0x00000000149b0000)

Polling page: 0x0000000000c30000

CodeCache: size=245760Kb used=6532Kb max_used=6532Kb free=239227Kb
 bounds [0x0000000002a80000, 0x00000000030f0000, 0x0000000011a80000]
 total_blobs=1819 nmethods=1555 adapters=178
 compilation: enabled

Compilation events (10 events):
Event: 2.686 Thread 0x00000000174fe800 nmethod 1571 0x00000000030e4d50 code [0x00000000030e4ee0, 0x00000000030e5290]
Event: 2.686 Thread 0x00000000174fe800 1567       3       com.android.dx.ssa.back.FirstFitLocalCombiningAllocator$Multiset::<init> (24 bytes)
Event: 2.686 Thread 0x00000000174fe800 nmethod 1567 0x00000000030e5450 code [0x00000000030e55c0, 0x00000000030e58b0]
Event: 2.686 Thread 0x00000000174fe800 1573       3       com.android.dx.rop.cst.CstKnownNull::equals (5 bytes)
Event: 2.686 Thread 0x00000000174fe800 nmethod 1573 0x00000000030e5990 code [0x00000000030e5ae0, 0x00000000030e5d30]
Event: 2.686 Thread 0x00000000174fe800 1569       3       java.util.concurrent.locks.ReentrantLock::unlock (10 bytes)
Event: 2.686 Thread 0x00000000174fe800 nmethod 1569 0x00000000030e5dd0 code [0x00000000030e5f60, 0x00000000030e6358]
Event: 2.688 Thread 0x00000000174fe800 1574       3       com.android.dx.util.IntList::equals (82 bytes)
Event: 2.688 Thread 0x00000000174fe800 nmethod 1574 0x00000000030e6490 code [0x00000000030e6620, 0x00000000030e6bd0]
Event: 2.688 Thread 0x00000000174fe800 1577   !   3       com.android.dx.cf.code.BytecodeArray::parseInstruction (2764 bytes)

GC Heap History (4 events):
Event: 1.772 GC heap before
{Heap before GC invocations=1 (full 0):
 PSYoungGen      total 38400K, used 33280K [0x00000000eab00000, 0x00000000ed580000, 0x0000000100000000)
  eden space 33280K, 100% used [0x00000000eab00000,0x00000000ecb80000,0x00000000ecb80000)
  from space 5120K, 0% used [0x00000000ed080000,0x00000000ed080000,0x00000000ed580000)
  to   space 5120K, 0% used [0x00000000ecb80000,0x00000000ecb80000,0x00000000ed080000)
 ParOldGen       total 87552K, used 0K [0x00000000c0000000, 0x00000000c5580000, 0x00000000eab00000)
  object space 87552K, 0% used [0x00000000c0000000,0x00000000c0000000,0x00000000c5580000)
 Metaspace       used 5922K, capacity 6960K, committed 7040K, reserved 1056768K
  class space    used 590K, capacity 616K, committed 640K, reserved 1048576K
Event: 1.871 GC heap after
Heap after GC invocations=1 (full 0):
 PSYoungGen      total 38400K, used 5091K [0x00000000eab00000, 0x00000000ef600000, 0x0000000100000000)
  eden space 33280K, 0% used [0x00000000eab00000,0x00000000eab00000,0x00000000ecb80000)
  from space 5120K, 99% used [0x00000000ecb80000,0x00000000ed078dd0,0x00000000ed080000)
  to   space 5120K, 0% used [0x00000000ef100000,0x00000000ef100000,0x00000000ef600000)
 ParOldGen       total 87552K, used 1299K [0x00000000c0000000, 0x00000000c5580000, 0x00000000eab00000)
  object space 87552K, 1% used [0x00000000c0000000,0x00000000c0144c98,0x00000000c5580000)
 Metaspace       used 5922K, capacity 6960K, committed 7040K, reserved 1056768K
  class space    used 590K, capacity 616K, committed 640K, reserved 1048576K
}
Event: 2.652 GC heap before
{Heap before GC invocations=2 (full 0):
 PSYoungGen      total 38400K, used 38371K [0x00000000eab00000, 0x00000000ef600000, 0x0000000100000000)
  eden space 33280K, 100% used [0x00000000eab00000,0x00000000ecb80000,0x00000000ecb80000)
  from space 5120K, 99% used [0x00000000ecb80000,0x00000000ed078dd0,0x00000000ed080000)
  to   space 5120K, 0% used [0x00000000ef100000,0x00000000ef100000,0x00000000ef600000)
 ParOldGen       total 87552K, used 1299K [0x00000000c0000000, 0x00000000c5580000, 0x00000000eab00000)
  object space 87552K, 1% used [0x00000000c0000000,0x00000000c0144c98,0x00000000c5580000)
 Metaspace       used 6103K, capacity 7088K, committed 7296K, reserved 1056768K
  class space    used 592K, capacity 616K, committed 640K, reserved 1048576K
Event: 2.679 GC heap after
Heap after GC invocations=2 (full 0):
 PSYoungGen      total 71680K, used 5096K [0x00000000eab00000, 0x00000000ef600000, 0x0000000100000000)
  eden space 66560K, 0% used [0x00000000eab00000,0x00000000eab00000,0x00000000eec00000)
  from space 5120K, 99% used [0x00000000ef100000,0x00000000ef5fa3f0,0x00000000ef600000)
  to   space 5120K, 0% used [0x00000000eec00000,0x00000000eec00000,0x00000000ef100000)
 ParOldGen       total 87552K, used 6493K [0x00000000c0000000, 0x00000000c5580000, 0x00000000eab00000)
  object space 87552K, 7% used [0x00000000c0000000,0x00000000c0657430,0x00000000c5580000)
 Metaspace       used 6103K, capacity 7088K, committed 7296K, reserved 1056768K
  class space    used 592K, capacity 616K, committed 640K, reserved 1048576K
}

Deoptimization events (10 events):
Event: 2.319 Thread 0x0000000017854000 Uncommon trap: reason=bimorphic action=maybe_recompile pc=0x0000000002f7a1e4 method=java.util.HashMap.getNode(ILjava/lang/Object;)Ljava/util/HashMap$Node; @ 126
Event: 2.319 Thread 0x0000000017854000 Uncommon trap: reason=bimorphic action=maybe_recompile pc=0x0000000002f7a1e4 method=java.util.HashMap.getNode(ILjava/lang/Object;)Ljava/util/HashMap$Node; @ 126
Event: 2.320 Thread 0x0000000017752000 Uncommon trap: reason=bimorphic action=maybe_recompile pc=0x0000000002f7a1e4 method=java.util.HashMap.getNode(ILjava/lang/Object;)Ljava/util/HashMap$Node; @ 126
Event: 2.320 Thread 0x0000000017752000 Uncommon trap: reason=class_check action=maybe_recompile pc=0x0000000002fac040 method=java.util.HashMap.putVal(ILjava/lang/Object;Ljava/lang/Object;ZZ)Ljava/lang/Object; @ 203
Event: 2.541 Thread 0x000000001785e000 Uncommon trap: reason=unstable_if action=reinterpret pc=0x0000000002d4e52c method=com.android.dx.rop.code.RegisterSpecSet.put(Lcom/android/dx/rop/code/RegisterSpec;)V @ 77
Event: 2.541 Thread 0x000000001785e000 Uncommon trap: reason=unstable_if action=reinterpret pc=0x0000000002da645c method=com.android.dx.rop.code.RegisterSpecSet.put(Lcom/android/dx/rop/code/RegisterSpec;)V @ 77
Event: 2.548 Thread 0x0000000017854000 Uncommon trap: reason=bimorphic action=maybe_recompile pc=0x0000000002f7a1e4 method=java.util.HashMap.getNode(ILjava/lang/Object;)Ljava/util/HashMap$Node; @ 126
Event: 2.548 Thread 0x0000000017854000 Uncommon trap: reason=class_check action=maybe_recompile pc=0x0000000002fac040 method=java.util.HashMap.putVal(ILjava/lang/Object;Ljava/lang/Object;ZZ)Ljava/lang/Object; @ 203
Event: 2.548 Thread 0x0000000017854000 Uncommon trap: reason=class_check action=maybe_recompile pc=0x0000000002fac040 method=java.util.HashMap.putVal(ILjava/lang/Object;Ljava/lang/Object;ZZ)Ljava/lang/Object; @ 203
Event: 2.687 Thread 0x0000000017854000 Uncommon trap: reason=unstable_if action=reinterpret pc=0x00000000030a036c method=com.android.dx.cf.code.ByteCatchList.listFor(I)Lcom/android/dx/cf/code/ByteCatchList; @ 19

Internal exceptions (4 events):
Event: 0.260 Thread 0x0000000002980800 Exception <a 'java/lang/NoSuchMethodError': Method sun.misc.Unsafe.defineClass(Ljava/lang/String;[BII)Ljava/lang/Class; name or signature does not match> (0x00000000eab07cc0) thrown at [D:\re\workspace\8-2-build-windows-amd64-cygwin\jdk8u92\6642\hotspot\sr]Qëá«Ð?
Event: 0.260 Thread 0x0000000002980800 Exception <a 'java/lang/NoSuchMethodError': Method sun.misc.Unsafe.prefetchRead(Ljava/lang/Object;J)V name or signature does not match> (0x00000000eab07fa8) thrown at [D:\re\workspace\8-2-build-windows-amd64-cygwin\jdk8u92\6642\hotspot\src\share\vm\prims\jœWÙíú?
Event: 1.633 Thread 0x0000000017854000 Implicit null exception at 0x0000000002d7fb62 to 0x0000000002d7fc52
Event: 1.941 Thread 0x0000000017752000 Implicit null exception at 0x0000000002d8bb90 to 0x0000000002d8dce9

Events (10 events):
Event: 2.548 Thread 0x0000000017854000 DEOPT PACKING pc=0x0000000002fac040 sp=0x0000000018cce980
Event: 2.548 Thread 0x0000000017854000 DEOPT UNPACKING pc=0x0000000002ac582a sp=0x0000000018cce908 mode 2
Event: 2.548 Thread 0x0000000017854000 Uncommon trap: trap_request=0xffffffde fr.pc=0x0000000002fac040
Event: 2.548 Thread 0x0000000017854000 DEOPT PACKING pc=0x0000000002fac040 sp=0x0000000018cce980
Event: 2.548 Thread 0x0000000017854000 DEOPT UNPACKING pc=0x0000000002ac582a sp=0x0000000018cce908 mode 2
Event: 2.652 Executing VM operation: ParallelGCFailedAllocation
Event: 2.679 Executing VM operation: ParallelGCFailedAllocation done
Event: 2.687 Thread 0x0000000017854000 Uncommon trap: trap_request=0xffffff65 fr.pc=0x00000000030a036c
Event: 2.687 Thread 0x0000000017854000 DEOPT PACKING pc=0x00000000030a036c sp=0x0000000018cceac0
Event: 2.687 Thread 0x0000000017854000 DEOPT UNPACKING pc=0x0000000002ac582a sp=0x0000000018cce8d8 mode 2


Dynamic libraries:
0x00007ff706180000 - 0x00007ff7061b7000 	G:\Java\jdk1.8.0_92\bin\java.exe
0x00007ffe2efe0000 - 0x00007ffe2f1b1000 	C:\WINDOWS\SYSTEM32\ntdll.dll
0x00007ffe2e7c0000 - 0x00007ffe2e86b000 	C:\WINDOWS\System32\KERNEL32.DLL
0x00007ffe2ba80000 - 0x00007ffe2bc9d000 	C:\WINDOWS\System32\KERNELBASE.dll
0x00007ffe2ead0000 - 0x00007ffe2eb72000 	C:\WINDOWS\System32\ADVAPI32.dll
0x00007ffe2e440000 - 0x00007ffe2e4de000 	C:\WINDOWS\System32\msvcrt.dll
0x00007ffe2ed90000 - 0x00007ffe2ede9000 	C:\WINDOWS\System32\sechost.dll
0x00007ffe2eeb0000 - 0x00007ffe2efd1000 	C:\WINDOWS\System32\RPCRT4.dll
0x00007ffe2e960000 - 0x00007ffe2eac5000 	C:\WINDOWS\System32\USER32.dll
0x00007ffe2b660000 - 0x00007ffe2b67e000 	C:\WINDOWS\System32\win32u.dll
0x00007ffe2cbb0000 - 0x00007ffe2cbe4000 	C:\WINDOWS\System32\GDI32.dll
0x00007ffe2b4d0000 - 0x00007ffe2b652000 	C:\WINDOWS\System32\gdi32full.dll
0x00007ffe1d5a0000 - 0x00007ffe1d819000 	C:\WINDOWS\WinSxS\amd64_microsoft.windows.common-controls_6595b64144ccf1df_6.0.14393.0_none_2d0f50fcbdb171b8\COMCTL32.dll
0x00007ffe2e4f0000 - 0x00007ffe2e7b7000 	C:\WINDOWS\System32\combase.dll
0x00007ffe2bca0000 - 0x00007ffe2bd95000 	C:\WINDOWS\System32\ucrtbase.dll
0x00007ffe2b730000 - 0x00007ffe2b79a000 	C:\WINDOWS\System32\bcryptPrimitives.dll
0x00007ffe2e100000 - 0x00007ffe2e12e000 	C:\WINDOWS\System32\IMM32.DLL
0x00000000646e0000 - 0x00000000647b2000 	G:\Java\jdk1.8.0_92\jre\bin\msvcr100.dll
0x0000000065160000 - 0x00000000659f6000 	G:\Java\jdk1.8.0_92\jre\bin\server\jvm.dll
0x00007ffe2e290000 - 0x00007ffe2e298000 	C:\WINDOWS\System32\PSAPI.DLL
0x00007ffe25c00000 - 0x00007ffe25c09000 	C:\WINDOWS\SYSTEM32\WSOCK32.dll
0x00007ffe28200000 - 0x00007ffe2820a000 	C:\WINDOWS\SYSTEM32\VERSION.dll
0x00007ffe29390000 - 0x00007ffe293b3000 	C:\WINDOWS\SYSTEM32\WINMM.dll
0x00007ffe2cb40000 - 0x00007ffe2cbaa000 	C:\WINDOWS\System32\WS2_32.dll
0x00007ffe29330000 - 0x00007ffe2935b000 	C:\WINDOWS\SYSTEM32\WINMMBASE.dll
0x00007ffe2bda0000 - 0x00007ffe2bde2000 	C:\WINDOWS\System32\cfgmgr32.dll
0x0000000065070000 - 0x000000006507f000 	G:\Java\jdk1.8.0_92\jre\bin\verify.dll
0x0000000065040000 - 0x0000000065069000 	G:\Java\jdk1.8.0_92\jre\bin\java.dll
0x0000000065020000 - 0x0000000065036000 	G:\Java\jdk1.8.0_92\jre\bin\zip.dll
0x00007ffe2cbf0000 - 0x00007ffe2e0f8000 	C:\WINDOWS\System32\SHELL32.dll
0x00007ffe2bdf0000 - 0x00007ffe2c4ca000 	C:\WINDOWS\System32\windows.storage.dll
0x00007ffe2b440000 - 0x00007ffe2b48c000 	C:\WINDOWS\System32\powrprof.dll
0x00007ffe2cae0000 - 0x00007ffe2cb32000 	C:\WINDOWS\System32\shlwapi.dll
0x00007ffe2b490000 - 0x00007ffe2b49f000 	C:\WINDOWS\System32\kernel.appcore.dll
0x00007ffe2b680000 - 0x00007ffe2b729000 	C:\WINDOWS\System32\shcore.dll
0x00007ffe2b4b0000 - 0x00007ffe2b4c4000 	C:\WINDOWS\System32\profapi.dll

VM Arguments:
jvm_args: -Djava.awt.headless=true -Xmx1024M -Dfile.encoding=GBK -Duser.country=CN -Duser.language=zh -Duser.variant 
java_command: com.android.dx.command.Main --dex --num-threads=4 --output E:\Developer\Android\Graduation Project\AndroidStudioDemo\FullNews\app\build\intermediates\pre-dexed\debug\com.android.support-design-24.2.1_1a98a21822bbce68cb228a172553957a4d3408d2.jar E:\Developer\Android\Graduation Project\AndroidStudioDemo\FullNews\app\build\intermediates\exploded-aar\com.android.support\design\24.2.1\jars\classes.jar
java_class_path (initial): F:\AndroidStudioSDK\build-tools\23.0.3\lib\dx.jar
Launcher Type: SUN_STANDARD

Environment Variables:
JAVA_HOME=G:\Java\jdk1.8.0_92
CLASSPATH=.;G:\Java\jdk1.8.0_92\lib\dt.jar;G:\Java\jdk1.8.0_92\lib\tools.jar;
PATH=C:\ProgramData\Oracle\Java\javapath;C:\WINDOWS\system32;C:\WINDOWS;C:\WINDOWS\System32\Wbem;C:\WINDOWS\System32\WindowsPowerShell\v1.0\;C:\Program Files (x86)\ATI Technologies\ATI.ACE\Core-Static;G:\Java\jdk1.8.0_92\bin;G:\Java\jdk1.8.0_92\jre\bin;F:\AndroidEclipseSDK\adt-bundle-windows-x86_64-20140702\sdk\tools;F:\AndroidEclipseSDK\adt-bundle-windows-x86_64-20140702\sdk\platform-tools;G:\Apache_Tomcat_6_0_14\lib;G:\Apache_Tomcat_6_0_14\bin;G:\MySQL\MySQL Server 5.1\bin;C:\Program Files (x86)\Microsoft SQL Server\90\Tools\binn\;F:\AndroidStudioSDK\platform-tools;F:\AndroidStudioSDK\tools;C:\Users\Administrator\AppData\Local\Microsoft\WindowsApps;
USERNAME=Administrator
OS=Windows_NT
PROCESSOR_IDENTIFIER=Intel64 Family 6 Model 44 Stepping 2, GenuineIntel



---------------  S Y S T E M  ---------------

OS: Windows 10.0 , 64 bit Build 14393 (10.0.14393.0)

CPU:total 8 (4 cores per cpu, 2 threads per core) family 6 model 44 stepping 2, cmov, cx8, fxsr, mmx, sse, sse2, sse3, ssse3, sse4.1, sse4.2, popcnt, aes, clmul, ht, tsc, tscinvbit, tscinv

Memory: 4k page, physical 8379636k(1767388k free), swap 8379636k(5852k free)

vm_info: Java HotSpot(TM) 64-Bit Server VM (25.92-b14) for windows-amd64 JRE (1.8.0_92-b14), built on Mar 31 2016 21:03:04 by "java_re" with MS VC++ 10.0 (VS2010)

time: Mon Oct 17 16:04:31 2016
elapsed time: 2 seconds (0d 0h 0m 2s)

