#
# There is insufficient memory for the Java Runtime Environment to continue.
# Native memory allocation (malloc) failed to allocate 1048576 bytes for AllocateHeap
# Possible reasons:
#   The system is out of physical RAM or swap space
#   In 32 bit mode, the process size limit was hit
# Possible solutions:
#   Reduce memory load on the system
#   Increase physical memory or swap space
#   Check if swap backing store is full
#   Use 64 bit Java on a 64 bit OS
#   Decrease Java heap size (-Xmx/-Xms)
#   Decrease number of Java threads
#   Decrease Java thread stack sizes (-Xss)
#   Set larger code cache with -XX:ReservedCodeCacheSize=
# This output file may be truncated or incomplete.
#
#  Out of Memory Error (memory/allocation.inline.hpp:61), pid=9956, tid=0x0000000000001f54
#
# JRE version:  (8.0_92-b14) (build )
# Java VM: Java HotSpot(TM) 64-Bit Server VM (25.92-b14 mixed mode windows-amd64 compressed oops)
# Failed to write core dump. Minidumps are not enabled by default on client versions of Windows
#

---------------  T H R E A D  ---------------

Current thread (0x00000000035a0800):  JavaThread "Unknown thread" [_thread_in_vm, id=8020, stack(0x00000000033f0000,0x00000000034f0000)]

Stack: [0x00000000033f0000,0x00000000034f0000]
[error occurred during error reporting (printing stack bounds), id 0xc0000005]

Native frames: (J=compiled Java code, j=interpreted, Vv=VM code, C=native code)


---------------  P R O C E S S  ---------------

Java Threads: ( => current thread )

Other Threads:

=>0x00000000035a0800 (exited) JavaThread "Unknown thread" [_thread_in_vm, id=8020, stack(0x00000000033f0000,0x00000000034f0000)]

VM state:not at safepoint (normal execution)

VM Mutex/Monitor currently owned by a thread: None

Heap:
 PSYoungGen      total 38400K, used 665K [0x00000000eab00000, 0x00000000ed580000, 0x0000000100000000)
  eden space 33280K, 2% used [0x00000000eab00000,0x00000000eaba6670,0x00000000ecb80000)
  from space 5120K, 0% used [0x00000000ed080000,0x00000000ed080000,0x00000000ed580000)
  to   space 5120K, 0% used [0x00000000ecb80000,0x00000000ecb80000,0x00000000ed080000)
 ParOldGen       total 87552K, used 0K [0x00000000c0000000, 0x00000000c5580000, 0x00000000eab00000)
  object space 87552K, 0% used [0x00000000c0000000,0x00000000c0000000,0x00000000c5580000)
 Metaspace       used 769K, capacity 4480K, committed 4480K, reserved 1056768K
  class space    used 75K, capacity 384K, committed 384K, reserved 1048576K

Card table byte_map: [0x0000000012a60000,0x0000000012c70000] byte_map_base: 0x0000000012460000

Marking Bits: (ParMarkBitMap*) 0x00000000738b64f0
 Begin Bits: [0x00000000135d0000, 0x00000000145d0000)
 End Bits:   [0x00000000145d0000, 0x00000000155d0000)

Polling page: 0x00000000018b0000

CodeCache: size=245760Kb used=327Kb max_used=327Kb free=245432Kb
 bounds [0x00000000036a0000, 0x0000000003910000, 0x00000000126a0000]
 total_blobs=57 nmethods=0 adapters=38
 compilation: enabled

Compilation events (0 events):
No events

GC Heap History (0 events):
No events

Deoptimization events (0 events):
No events

Internal exceptions (0 events):
No events

Events (10 events):
Event: 0.030 loading class java/lang/Short
Event: 0.030 loading class java/lang/Short done
Event: 0.030 loading class java/lang/Integer
Event: 0.030 loading class java/lang/Integer done
Event: 0.030 loading class java/lang/Long
Event: 0.030 loading class java/lang/Long done
Event: 0.031 loading class java/lang/NullPointerException
Event: 0.032 loading class java/lang/NullPointerException done
Event: 0.032 loading class java/lang/ArithmeticException
Event: 0.032 loading class java/lang/ArithmeticException done


Dynamic libraries:
0x00007ff7d14c0000 - 0x00007ff7d14f7000 	G:\Java\jdk1.8.0_92\bin\java.exe
0x00007ffa7ff80000 - 0x00007ffa80151000 	C:\WINDOWS\SYSTEM32\ntdll.dll
0x00007ffa7fb50000 - 0x00007ffa7fbfb000 	C:\WINDOWS\System32\KERNEL32.DLL
0x00007ffa7d2d0000 - 0x00007ffa7d4ed000 	C:\WINDOWS\System32\KERNELBASE.dll
0x00007ffa7fed0000 - 0x00007ffa7ff72000 	C:\WINDOWS\System32\ADVAPI32.dll
0x00007ffa7f180000 - 0x00007ffa7f21e000 	C:\WINDOWS\System32\msvcrt.dll
0x00007ffa7f6c0000 - 0x00007ffa7f719000 	C:\WINDOWS\System32\sechost.dll
0x00007ffa7fc30000 - 0x00007ffa7fd51000 	C:\WINDOWS\System32\RPCRT4.dll
0x00007ffa7d650000 - 0x00007ffa7d7b5000 	C:\WINDOWS\System32\USER32.dll
0x00007ffa7d4f0000 - 0x00007ffa7d50e000 	C:\WINDOWS\System32\win32u.dll
0x00007ffa7fd60000 - 0x00007ffa7fd94000 	C:\WINDOWS\System32\GDI32.dll
0x00007ffa7c520000 - 0x00007ffa7c6a2000 	C:\WINDOWS\System32\gdi32full.dll
0x00007ffa71c10000 - 0x00007ffa71e89000 	C:\WINDOWS\WinSxS\amd64_microsoft.windows.common-controls_6595b64144ccf1df_6.0.14393.0_none_2d0f50fcbdb171b8\COMCTL32.dll
0x00007ffa7f380000 - 0x00007ffa7f647000 	C:\WINDOWS\System32\combase.dll
0x00007ffa7c9d0000 - 0x00007ffa7cac5000 	C:\WINDOWS\System32\ucrtbase.dll
0x00007ffa7d1b0000 - 0x00007ffa7d21a000 	C:\WINDOWS\System32\bcryptPrimitives.dll
0x00007ffa7fc00000 - 0x00007ffa7fc2e000 	C:\WINDOWS\System32\IMM32.DLL
0x0000000072b30000 - 0x0000000072c02000 	G:\Java\jdk1.8.0_92\jre\bin\msvcr100.dll
0x00000000730a0000 - 0x0000000073936000 	G:\Java\jdk1.8.0_92\jre\bin\server\jvm.dll
0x00007ffa7d7c0000 - 0x00007ffa7d7c8000 	C:\WINDOWS\System32\PSAPI.DLL
0x00007ffa7a330000 - 0x00007ffa7a353000 	C:\WINDOWS\SYSTEM32\WINMM.dll
0x00007ffa78a40000 - 0x00007ffa78a4a000 	C:\WINDOWS\SYSTEM32\VERSION.dll
0x00007ffa678d0000 - 0x00007ffa678d9000 	C:\WINDOWS\SYSTEM32\WSOCK32.dll
0x00007ffa7f650000 - 0x00007ffa7f6ba000 	C:\WINDOWS\System32\WS2_32.dll
0x00007ffa7a2d0000 - 0x00007ffa7a2fb000 	C:\WINDOWS\SYSTEM32\WINMMBASE.dll
0x00007ffa7c470000 - 0x00007ffa7c4b2000 	C:\WINDOWS\System32\cfgmgr32.dll
0x0000000072fb0000 - 0x0000000072fbf000 	G:\Java\jdk1.8.0_92\jre\bin\verify.dll
0x0000000072f80000 - 0x0000000072fa9000 	G:\Java\jdk1.8.0_92\jre\bin\java.dll
0x0000000072f60000 - 0x0000000072f76000 	G:\Java\jdk1.8.0_92\jre\bin\zip.dll

VM Arguments:
jvm_args: -Djava.awt.headless=true -Xmx1024M -Dfile.encoding=GBK -Duser.country=CN -Duser.language=zh -Duser.variant 
java_command: com.android.dx.command.Main --dex --num-threads=4 --output E:\Developer\Android\Graduation Project\AndroidStudioDemo\FullNews\app\build\intermediates\pre-dexed\debug\debug_12f0a7216609995cd1cc91a60a2d094c3ca8b127.jar E:\Developer\Android\Graduation Project\AndroidStudioDemo\FullNews\app\build\intermediates\classes\debug
java_class_path (initial): F:\AndroidStudioSDK\build-tools\23.0.3\lib\dx.jar
Launcher Type: SUN_STANDARD

Environment Variables:
JAVA_HOME=G:\Java\jdk1.8.0_92
CLASSPATH=.;G:\Java\jdk1.8.0_92\lib\dt.jar;G:\Java\jdk1.8.0_92\lib\tools.jar;
PATH=C:\ProgramData\Oracle\Java\javapath;C:\WINDOWS\system32;C:\WINDOWS;C:\WINDOWS\System32\Wbem;C:\WINDOWS\System32\WindowsPowerShell\v1.0\;C:\Program Files (x86)\ATI Technologies\ATI.ACE\Core-Static;G:\Java\jdk1.8.0_92\bin;G:\Java\jdk1.8.0_92\jre\bin;F:\AndroidEclipseSDK\adt-bundle-windows-x86_64-20140702\sdk\tools;F:\AndroidEclipseSDK\adt-bundle-windows-x86_64-20140702\sdk\platform-tools;G:\Apache_Tomcat_6_0_14\lib;G:\Apache_Tomcat_6_0_14\bin;G:\MySQL\MySQL Server 5.1\bin;C:\Program Files (x86)\Microsoft SQL Server\90\Tools\binn\;F:\AndroidStudioSDK\platform-tools;F:\AndroidStudioSDK\tools;C:\Users\Administrator\AppData\Local\Microsoft\WindowsApps;
USERNAME=Administrator
OS=Windows_NT
PROCESSOR_IDENTIFIER=Intel64 Family 6 Model 44 Stepping 2, GenuineIntel



---------------  S Y S T E M  ---------------

OS: Windows 10.0 , 64 bit Build 14393 (10.0.14393.0)

CPU:total 8 (4 cores per cpu, 2 threads per core) family 6 model 44 stepping 2, cmov, cx8, fxsr, mmx, sse, sse2, sse3, ssse3, sse4.1, sse4.2, popcnt, aes, clmul, ht, tsc, tscinvbit, tscinv

Memory: 4k page, physical 8379636k(1827476k free), swap 8379636k(5420k free)

vm_info: Java HotSpot(TM) 64-Bit Server VM (25.92-b14) for windows-amd64 JRE (1.8.0_92-b14), built on Mar 31 2016 21:03:04 by "java_re" with MS VC++ 10.0 (VS2010)

time: Wed Oct 19 00:11:01 2016
elapsed time: 0 seconds (0d 0h 0m 0s)

