#
# There is insufficient memory for the Java Runtime Environment to continue.
# Native memory allocation (malloc) failed to allocate 32744 bytes for ChunkPool::allocate
# Possible reasons:
#   The system is out of physical RAM or swap space
#   In 32 bit mode, the process size limit was hit
# Possible solutions:
#   Reduce memory load on the system
#   Increase physical memory or swap space
#   Check if swap backing store is full
#   Use 64 bit Java on a 64 bit OS
#   Decrease Java heap size (-Xmx/-Xms)
#   Decrease number of Java threads
#   Decrease Java thread stack sizes (-Xss)
#   Set larger code cache with -XX:ReservedCodeCacheSize=
# This output file may be truncated or incomplete.
#
#  Out of Memory Error (allocation.cpp:273), pid=49276, tid=0x000000000000c3d0
#
# JRE version: Java(TM) SE Runtime Environment (8.0_92-b14) (build 1.8.0_92-b14)
# Java VM: Java HotSpot(TM) 64-Bit Server VM (25.92-b14 mixed mode windows-amd64 compressed oops)
# Failed to write core dump. Minidumps are not enabled by default on client versions of Windows
#

---------------  T H R E A D  ---------------

Current thread (0x0000000017d8c000):  JavaThread "C2 CompilerThread2" daemon [_thread_in_native, id=50128, stack(0x0000000018660000,0x0000000018760000)]

Stack: [0x0000000018660000,0x0000000018760000]
[error occurred during error reporting (printing stack bounds), id 0xc0000005]

Native frames: (J=compiled Java code, j=interpreted, Vv=VM code, C=native code)


Current CompileTask:
C2:   2380 1194       4       com.android.dx.ssa.SCCP::simulateStmt (481 bytes)


---------------  P R O C E S S  ---------------

Java Threads: ( => current thread )
  0x00000000180cd000 JavaThread "pool-1-thread-4" [_thread_blocked, id=49184, stack(0x0000000018e60000,0x0000000018f60000)]
  0x00000000180cc000 JavaThread "pool-1-thread-3" [_thread_blocked, id=50152, stack(0x0000000018d60000,0x0000000018e60000)]
  0x00000000180ca800 JavaThread "pool-1-thread-2" [_thread_blocked, id=49596, stack(0x0000000018c60000,0x0000000018d60000)]
  0x00000000180c9800 JavaThread "pool-2-thread-1" [_thread_blocked, id=50124, stack(0x0000000018b60000,0x0000000018c60000)]
  0x0000000018023000 JavaThread "pool-1-thread-1" [_thread_blocked, id=49192, stack(0x0000000018a60000,0x0000000018b60000)]
  0x0000000017dfa000 JavaThread "Service Thread" daemon [_thread_blocked, id=50032, stack(0x0000000018860000,0x0000000018960000)]
  0x0000000017daa000 JavaThread "C1 CompilerThread3" daemon [_thread_blocked, id=50084, stack(0x0000000018760000,0x0000000018860000)]
=>0x0000000017d8c000 JavaThread "C2 CompilerThread2" daemon [_thread_in_native, id=50128, stack(0x0000000018660000,0x0000000018760000)]
  0x0000000017d8a000 JavaThread "C2 CompilerThread1" daemon [_thread_in_native, id=50172, stack(0x0000000018560000,0x0000000018660000)]
  0x0000000017d87000 JavaThread "C2 CompilerThread0" daemon [_thread_in_native, id=49236, stack(0x0000000018460000,0x0000000018560000)]
  0x0000000017d82800 JavaThread "Attach Listener" daemon [_thread_blocked, id=49172, stack(0x0000000018360000,0x0000000018460000)]
  0x0000000017d36800 JavaThread "Signal Dispatcher" daemon [_thread_blocked, id=49168, stack(0x0000000018260000,0x0000000018360000)]
  0x0000000017d20800 JavaThread "Finalizer" daemon [_thread_blocked, id=49352, stack(0x0000000018100000,0x0000000018200000)]
  0x00000000032f6000 JavaThread "Reference Handler" daemon [_thread_blocked, id=49440, stack(0x0000000017c00000,0x0000000017d00000)]
  0x0000000003200800 JavaThread "main" [_thread_in_Java, id=49520, stack(0x0000000002d40000,0x0000000002e40000)]

Other Threads:
  0x0000000015e18800 VMThread [stack: 0x0000000017b00000,0x0000000017c00000] [id=43188]
  0x0000000017dfc800 WatcherThread [stack: 0x0000000018960000,0x0000000018a60000] [id=49992]

VM state:not at safepoint (normal execution)

VM Mutex/Monitor currently owned by a thread: None

Heap:
 PSYoungGen      total 38400K, used 11481K [0x00000000eab00000, 0x00000000ef600000, 0x0000000100000000)
  eden space 33280K, 19% used [0x00000000eab00000,0x00000000eb137760,0x00000000ecb80000)
  from space 5120K, 99% used [0x00000000ecb80000,0x00000000ed07ef08,0x00000000ed080000)
  to   space 5120K, 0% used [0x00000000ef100000,0x00000000ef100000,0x00000000ef600000)
 ParOldGen       total 87552K, used 1688K [0x00000000c0000000, 0x00000000c5580000, 0x00000000eab00000)
  object space 87552K, 1% used [0x00000000c0000000,0x00000000c01a6298,0x00000000c5580000)
 Metaspace       used 6074K, capacity 6964K, committed 7040K, reserved 1056768K
  class space    used 602K, capacity 620K, committed 640K, reserved 1048576K

Card table byte_map: [0x00000000126c0000,0x00000000128d0000] byte_map_base: 0x00000000120c0000

Marking Bits: (ParMarkBitMap*) 0x00000000659764f0
 Begin Bits: [0x0000000013230000, 0x0000000014230000)
 End Bits:   [0x0000000014230000, 0x0000000015230000)

Polling page: 0x0000000001080000

CodeCache: size=245760Kb used=5152Kb max_used=5152Kb free=240607Kb
 bounds [0x0000000003300000, 0x0000000003810000, 0x0000000012300000]
 total_blobs=1569 nmethods=1299 adapters=184
 compilation: enabled

Compilation events (10 events):
Event: 2.365 Thread 0x0000000017d87000 1296       4       com.android.dx.ssa.back.FirstFitLocalCombiningAllocator$1::processInsn (169 bytes)
Event: 2.372 Thread 0x0000000017daa000 1301       3       com.android.dx.ssa.BasicRegisterMapper::oldToNew (22 bytes)
Event: 2.373 Thread 0x0000000017daa000 nmethod 1301 0x0000000003809590 code [0x0000000003809700, 0x00000000038099e8]
Event: 2.374 Thread 0x0000000017daa000 1304       3       com.android.dx.rop.code.SourcePosition::equals (46 bytes)
Event: 2.374 Thread 0x0000000017daa000 nmethod 1304 0x0000000003808e10 code [0x0000000003808fa0, 0x00000000038094a8]
Event: 2.375 Thread 0x0000000017daa000 1305       3       com.android.dx.rop.cst.CstString::stringToUtf8Bytes (175 bytes)
Event: 2.376 Thread 0x0000000017daa000 nmethod 1305 0x0000000003807fd0 code [0x00000000038081a0, 0x0000000003808a18]
Event: 2.376 Thread 0x0000000017daa000 1306       3       com.android.dx.cf.code.LocalVariableList$Item::matchesAllButType (53 bytes)
Event: 2.376 Thread 0x0000000017daa000 nmethod 1306 0x0000000003807790 code [0x0000000003807920, 0x0000000003807e68]
Event: 2.378 Thread 0x0000000017daa000 1307       3       java.util.HashMap::<init> (8 bytes)

GC Heap History (2 events):
Event: 2.118 GC heap before
{Heap before GC invocations=1 (full 0):
 PSYoungGen      total 38400K, used 33280K [0x00000000eab00000, 0x00000000ed580000, 0x0000000100000000)
  eden space 33280K, 100% used [0x00000000eab00000,0x00000000ecb80000,0x00000000ecb80000)
  from space 5120K, 0% used [0x00000000ed080000,0x00000000ed080000,0x00000000ed580000)
  to   space 5120K, 0% used [0x00000000ecb80000,0x00000000ecb80000,0x00000000ed080000)
 ParOldGen       total 87552K, used 0K [0x00000000c0000000, 0x00000000c5580000, 0x00000000eab00000)
  object space 87552K, 0% used [0x00000000c0000000,0x00000000c0000000,0x00000000c5580000)
 Metaspace       used 6029K, capacity 6900K, committed 7040K, reserved 1056768K
  class space    used 602K, capacity 620K, committed 640K, reserved 1048576K
Event: 2.250 GC heap after
Heap after GC invocations=1 (full 0):
 PSYoungGen      total 38400K, used 5115K [0x00000000eab00000, 0x00000000ef600000, 0x0000000100000000)
  eden space 33280K, 0% used [0x00000000eab00000,0x00000000eab00000,0x00000000ecb80000)
  from space 5120K, 99% used [0x00000000ecb80000,0x00000000ed07ef08,0x00000000ed080000)
  to   space 5120K, 0% used [0x00000000ef100000,0x00000000ef100000,0x00000000ef600000)
 ParOldGen       total 87552K, used 1688K [0x00000000c0000000, 0x00000000c5580000, 0x00000000eab00000)
  object space 87552K, 1% used [0x00000000c0000000,0x00000000c01a6298,0x00000000c5580000)
 Metaspace       used 6029K, capacity 6900K, committed 7040K, reserved 1056768K
  class space    used 602K, capacity 620K, committed 640K, reserved 1048576K
}

Deoptimization events (6 events):
Event: 1.518 Thread 0x0000000018023000 Uncommon trap: reason=unstable_if action=reinterpret pc=0x00000000035359f8 method=java.util.HashMap.getNode(ILjava/lang/Object;)Ljava/util/HashMap$Node; @ 129
Event: 1.579 Thread 0x00000000180ca800 Uncommon trap: reason=unstable_if action=reinterpret pc=0x0000000003572130 method=java.util.BitSet.nextSetBit(I)I @ 87
Event: 1.598 Thread 0x0000000003200800 Uncommon trap: reason=unstable_if action=reinterpret pc=0x00000000035857c0 method=java.lang.String.<init>([CII)V @ 18
Event: 1.748 Thread 0x00000000180cc000 Uncommon trap: reason=unstable_if action=reinterpret pc=0x00000000036128ec method=com.android.dx.rop.code.RegisterSpecSet.put(Lcom/android/dx/rop/code/RegisterSpec;)V @ 77
Event: 1.748 Thread 0x00000000180cc000 Uncommon trap: reason=unstable_if action=reinterpret pc=0x0000000003613d68 method=com.android.dx.rop.code.RegisterSpecSet.put(Lcom/android/dx/rop/code/RegisterSpec;)V @ 77
Event: 1.831 Thread 0x00000000180ca800 Uncommon trap: reason=null_check action=make_not_entrant pc=0x0000000003685158 method=com.android.dx.ssa.SsaRenamer.getLocalForNewReg(I)Lcom/android/dx/rop/code/LocalItem; @ 19

Internal exceptions (3 events):
Event: 0.065 Thread 0x0000000003200800 Exception <a 'java/lang/NoSuchMethodError': Method sun.misc.Unsafe.defineClass(Ljava/lang/String;[BII)Ljava/lang/Class; name or signature does not match> (0x00000000eab07cc0) thrown at [D:\re\workspace\8-2-build-windows-amd64-cygwin\jdk8u92\6642\hotspot\sry¹£ý°°?
Event: 0.065 Thread 0x0000000003200800 Exception <a 'java/lang/NoSuchMethodError': Method sun.misc.Unsafe.prefetchRead(Ljava/lang/Object;J)V name or signature does not match> (0x00000000eab07fa8) thrown at [D:\re\workspace\8-2-build-windows-amd64-cygwin\jdk8u92\6642\hotspot\src\share\vm\prims\j¸¹-ßLý?
Event: 1.831 Thread 0x00000000180ca800 Implicit null exception at 0x0000000003683074 to 0x0000000003685115

Events (10 events):
Event: 1.957 loading class com/android/dx/cf/attrib/AttRuntimeVisibleAnnotations
Event: 1.957 loading class com/android/dx/cf/attrib/AttRuntimeVisibleAnnotations done
Event: 1.957 loading class com/android/dx/cf/attrib/BaseAnnotations
Event: 1.957 loading class com/android/dx/cf/attrib/BaseAnnotations done
Event: 1.992 Executing VM operation: ForceSafepoint
Event: 2.021 Executing VM operation: ForceSafepoint done
Event: 2.042 loading class com/android/dx/cf/attrib/AttAnnotationDefault
Event: 2.042 loading class com/android/dx/cf/attrib/AttAnnotationDefault done
Event: 2.110 Executing VM operation: ParallelGCFailedAllocation
Event: 2.250 Executing VM operation: ParallelGCFailedAllocation done


Dynamic libraries:
0x00007ff706180000 - 0x00007ff7061b7000 	G:\Java\jdk1.8.0_92\bin\java.exe
0x00007ffe2efe0000 - 0x00007ffe2f1b1000 	C:\WINDOWS\SYSTEM32\ntdll.dll
0x00007ffe2e7c0000 - 0x00007ffe2e86b000 	C:\WINDOWS\System32\KERNEL32.DLL
0x00007ffe2ba80000 - 0x00007ffe2bc9d000 	C:\WINDOWS\System32\KERNELBASE.dll
0x00007ffe2ead0000 - 0x00007ffe2eb72000 	C:\WINDOWS\System32\ADVAPI32.dll
0x00007ffe2e440000 - 0x00007ffe2e4de000 	C:\WINDOWS\System32\msvcrt.dll
0x00007ffe2ed90000 - 0x00007ffe2ede9000 	C:\WINDOWS\System32\sechost.dll
0x00007ffe2eeb0000 - 0x00007ffe2efd1000 	C:\WINDOWS\System32\RPCRT4.dll
0x00007ffe2e960000 - 0x00007ffe2eac5000 	C:\WINDOWS\System32\USER32.dll
0x00007ffe2b660000 - 0x00007ffe2b67e000 	C:\WINDOWS\System32\win32u.dll
0x00007ffe2cbb0000 - 0x00007ffe2cbe4000 	C:\WINDOWS\System32\GDI32.dll
0x00007ffe2b4d0000 - 0x00007ffe2b652000 	C:\WINDOWS\System32\gdi32full.dll
0x00007ffe1d5a0000 - 0x00007ffe1d819000 	C:\WINDOWS\WinSxS\amd64_microsoft.windows.common-controls_6595b64144ccf1df_6.0.14393.0_none_2d0f50fcbdb171b8\COMCTL32.dll
0x00007ffe2e4f0000 - 0x00007ffe2e7b7000 	C:\WINDOWS\System32\combase.dll
0x00007ffe2bca0000 - 0x00007ffe2bd95000 	C:\WINDOWS\System32\ucrtbase.dll
0x00007ffe2b730000 - 0x00007ffe2b79a000 	C:\WINDOWS\System32\bcryptPrimitives.dll
0x00007ffe2e100000 - 0x00007ffe2e12e000 	C:\WINDOWS\System32\IMM32.DLL
0x00000000646e0000 - 0x00000000647b2000 	G:\Java\jdk1.8.0_92\jre\bin\msvcr100.dll
0x0000000065160000 - 0x00000000659f6000 	G:\Java\jdk1.8.0_92\jre\bin\server\jvm.dll
0x00007ffe2e290000 - 0x00007ffe2e298000 	C:\WINDOWS\System32\PSAPI.DLL
0x00007ffe25c00000 - 0x00007ffe25c09000 	C:\WINDOWS\SYSTEM32\WSOCK32.dll
0x00007ffe28200000 - 0x00007ffe2820a000 	C:\WINDOWS\SYSTEM32\VERSION.dll
0x00007ffe29390000 - 0x00007ffe293b3000 	C:\WINDOWS\SYSTEM32\WINMM.dll
0x00007ffe2cb40000 - 0x00007ffe2cbaa000 	C:\WINDOWS\System32\WS2_32.dll
0x0000000001560000 - 0x000000000158b000 	C:\WINDOWS\SYSTEM32\WINMMBASE.dll
0x00007ffe2bda0000 - 0x00007ffe2bde2000 	C:\WINDOWS\System32\cfgmgr32.dll
0x0000000065070000 - 0x000000006507f000 	G:\Java\jdk1.8.0_92\jre\bin\verify.dll
0x0000000065040000 - 0x0000000065069000 	G:\Java\jdk1.8.0_92\jre\bin\java.dll
0x0000000065020000 - 0x0000000065036000 	G:\Java\jdk1.8.0_92\jre\bin\zip.dll
0x00007ffe2cbf0000 - 0x00007ffe2e0f8000 	C:\WINDOWS\System32\SHELL32.dll
0x00007ffe2bdf0000 - 0x00007ffe2c4ca000 	C:\WINDOWS\System32\windows.storage.dll
0x00007ffe2b440000 - 0x00007ffe2b48c000 	C:\WINDOWS\System32\powrprof.dll
0x00007ffe2cae0000 - 0x00007ffe2cb32000 	C:\WINDOWS\System32\shlwapi.dll
0x00007ffe2b490000 - 0x00007ffe2b49f000 	C:\WINDOWS\System32\kernel.appcore.dll
0x00007ffe2b680000 - 0x00007ffe2b729000 	C:\WINDOWS\System32\shcore.dll
0x00007ffe2b4b0000 - 0x00007ffe2b4c4000 	C:\WINDOWS\System32\profapi.dll

VM Arguments:
jvm_args: -Djava.awt.headless=true -Xmx1024M -Dfile.encoding=GBK -Duser.country=CN -Duser.language=zh -Duser.variant 
java_command: com.android.dx.command.Main --dex --num-threads=4 --output E:\Developer\Android\Graduation Project\AndroidStudioDemo\FullNews\app\build\intermediates\pre-dexed\debug\gson-2.7_2e85dbf641c4a16c73925139bd4ff50ebb0450dd.jar C:\Users\Administrator\.gradle\caches\modules-2\files-2.1\com.google.code.gson\gson\2.7\751f548c85fa49f330cecbb1875893f971b33c4e\gson-2.7.jar
java_class_path (initial): F:\AndroidStudioSDK\build-tools\23.0.3\lib\dx.jar
Launcher Type: SUN_STANDARD

Environment Variables:
JAVA_HOME=G:\Java\jdk1.8.0_92
CLASSPATH=.;G:\Java\jdk1.8.0_92\lib\dt.jar;G:\Java\jdk1.8.0_92\lib\tools.jar;
PATH=C:\ProgramData\Oracle\Java\javapath;C:\WINDOWS\system32;C:\WINDOWS;C:\WINDOWS\System32\Wbem;C:\WINDOWS\System32\WindowsPowerShell\v1.0\;C:\Program Files (x86)\ATI Technologies\ATI.ACE\Core-Static;G:\Java\jdk1.8.0_92\bin;G:\Java\jdk1.8.0_92\jre\bin;F:\AndroidEclipseSDK\adt-bundle-windows-x86_64-20140702\sdk\tools;F:\AndroidEclipseSDK\adt-bundle-windows-x86_64-20140702\sdk\platform-tools;G:\Apache_Tomcat_6_0_14\lib;G:\Apache_Tomcat_6_0_14\bin;G:\MySQL\MySQL Server 5.1\bin;C:\Program Files (x86)\Microsoft SQL Server\90\Tools\binn\;F:\AndroidStudioSDK\platform-tools;F:\AndroidStudioSDK\tools;C:\Users\Administrator\AppData\Local\Microsoft\WindowsApps;
USERNAME=Administrator
OS=Windows_NT
PROCESSOR_IDENTIFIER=Intel64 Family 6 Model 44 Stepping 2, GenuineIntel



---------------  S Y S T E M  ---------------

OS: Windows 10.0 , 64 bit Build 14393 (10.0.14393.0)

CPU:total 8 (4 cores per cpu, 2 threads per core) family 6 model 44 stepping 2, cmov, cx8, fxsr, mmx, sse, sse2, sse3, ssse3, sse4.1, sse4.2, popcnt, aes, clmul, ht, tsc, tscinvbit, tscinv

Memory: 4k page, physical 8379636k(1563844k free), swap 8379636k(3696k free)

vm_info: Java HotSpot(TM) 64-Bit Server VM (25.92-b14) for windows-amd64 JRE (1.8.0_92-b14), built on Mar 31 2016 21:03:04 by "java_re" with MS VC++ 10.0 (VS2010)

time: Mon Oct 17 16:03:11 2016
elapsed time: 2 seconds (0d 0h 0m 2s)

